Status: Failed
Test Event Name: test01

Response:
{
  "errorMessage": "Syntax error in module 'lambda_function': expected an indented block after 'for' statement on line 51 (lambda_function.py, line 53)",
  "errorType": "Runtime.UserCodeSyntaxError",
  "requestId": "",
  "stackTrace": [
    "  File \"/var/task/lambda_function.py\" Line 53\n    c = courses_table.get_item(Key={\"skill\": skill}).get(\"Item\")\n"
  ]
}

The area below shows the last 4 KB of the execution log.

Function Logs:
[WARNING]	2025-12-09T11:31:13.104Z		LAMBDA_WARNING: Unhandled exception. The most likely cause is an issue in the function code. However, in rare cases, a Lambda runtime update can cause unexpected function behavior. For functions using managed runtimes, runtime updates can be triggered by a function change, or can be applied automatically. To determine if the runtime has been updated, check the runtime version in the INIT_START log entry. If this error correlates with a change in the runtime version, you may be able to mitigate this error by temporarily rolling back to the previous runtime version. For more information, see https://docs.aws.amazon.com/lambda/latest/dg/runtimes-update.html
[ERROR] Runtime.UserCodeSyntaxError: Syntax error in module 'lambda_function': expected an indented block after 'for' statement on line 51 (lambda_function.py, line 53)
Traceback (most recent call last):
  File "/var/task/lambda_function.py" Line 53
    c = courses_table.get_item(Key={"skill": skill}).get("Item")
INIT_REPORT Init Duration: 116.73 ms	Phase: invoke	Status: error	Error Type: Runtime.UserCodeSyntaxError
